<?xml version="1.0" encoding="UTF-8"?>
<!-- Generated by org.testng.reporters.JUnitReportReporter -->
<testsuite skipped="0" hostname="DESKTOP-4ST96S8" name="com.training.sanity.tests.tc2_" tests="1" failures="0" timestamp="02 Dec 2019 03:15:12 GMT" time="70.337" errors="0">
  <testcase name="A_validLoginTest" time="70.337" classname="com.training.sanity.tests.tc2_"/>
</testsuite> <!-- com.training.sanity.tests.tc2_ -->
