<?xml version="1.0" encoding="UTF-8"?>
<!-- Generated by org.testng.reporters.JUnitReportReporter -->
<testsuite skipped="0" hostname="DESKTOP-4ST96S8" name="com.training.sanity.tests.TC3Test" tests="1" failures="0" timestamp="27 Nov 2019 17:59:01 GMT" time="93.675" errors="0">
  <testcase name="A_validLoginTest" time="93.675" classname="com.training.sanity.tests.TC3Test"/>
</testsuite> <!-- com.training.sanity.tests.TC3Test -->
